!SESSION 2022-07-09 18:42:05.302 -----------------------------------------------
eclipse.buildId=unknown
java.version=11.0.15
java.vendor=Private Build
BootLoader constants: OS=linux, ARCH=x86_64, WS=gtk, NL=en_US
Command-line arguments:  -data /home/dev/.config/coc/extensions/coc-java-data/jdt_ws_a71f0faaf1771063438b227a87aa8b14

!ENTRY org.eclipse.m2e.apt.core 4 0 2022-07-09 18:42:05.831
!MESSAGE FrameworkEvent ERROR
!STACK 0
org.osgi.framework.BundleException: Could not resolve module: org.eclipse.m2e.apt.core [52]
  Unresolved requirement: Require-Bundle: org.eclipse.m2e.jdt; bundle-version="1.5.0"
    -> Bundle-SymbolicName: org.eclipse.m2e.jdt; bundle-version="2.0.0.20220605-2010"; singleton:="true"
       org.eclipse.m2e.jdt [54]
         Unresolved requirement: Require-Bundle: org.eclipse.m2e.core; bundle-version="2.0.0"
           -> Bundle-SymbolicName: org.eclipse.m2e.core; bundle-version="2.0.0.20220608-1816"; singleton:="true"
              org.eclipse.m2e.core [53]
                Unresolved requirement: Require-Capability: osgi.ee; filter:="(&(osgi.ee=JavaSE)(version=17))"
  Unresolved requirement: Require-Bundle: org.eclipse.m2e.core; bundle-version="1.5.0"
    -> Bundle-SymbolicName: org.eclipse.m2e.core; bundle-version="2.0.0.20220608-1816"; singleton:="true"

	at org.eclipse.osgi.container.Module.start(Module.java:463)
	at org.eclipse.osgi.container.ModuleContainer$ContainerStartLevel$2.run(ModuleContainer.java:1847)
	at org.eclipse.osgi.internal.framework.EquinoxContainerAdaptor$1$1.execute(EquinoxContainerAdaptor.java:136)
	at org.eclipse.osgi.container.ModuleContainer$ContainerStartLevel.incStartLevel(ModuleContainer.java:1840)
	at org.eclipse.osgi.container.ModuleContainer$ContainerStartLevel.incStartLevel(ModuleContainer.java:1781)
	at org.eclipse.osgi.container.ModuleContainer$ContainerStartLevel.doContainerStartLevel(ModuleContainer.java:1745)
	at org.eclipse.osgi.container.ModuleContainer$ContainerStartLevel.dispatchEvent(ModuleContainer.java:1667)
	at org.eclipse.osgi.container.ModuleContainer$ContainerStartLevel.dispatchEvent(ModuleContainer.java:1)
	at org.eclipse.osgi.framework.eventmgr.EventManager.dispatchEvent(EventManager.java:234)
	at org.eclipse.osgi.framework.eventmgr.EventManager$EventThread.run(EventManager.java:345)

!ENTRY org.eclipse.m2e.core 4 0 2022-07-09 18:42:05.832
!MESSAGE FrameworkEvent ERROR
!STACK 0
org.osgi.framework.BundleException: Could not resolve module: org.eclipse.m2e.core [53]
  Unresolved requirement: Require-Capability: osgi.ee; filter:="(&(osgi.ee=JavaSE)(version=17))"

	at org.eclipse.osgi.container.Module.start(Module.java:463)
	at org.eclipse.osgi.container.ModuleContainer$ContainerStartLevel$2.run(ModuleContainer.java:1847)
	at org.eclipse.osgi.internal.framework.EquinoxContainerAdaptor$1$1.execute(EquinoxContainerAdaptor.java:136)
	at org.eclipse.osgi.container.ModuleContainer$ContainerStartLevel.incStartLevel(ModuleContainer.java:1840)
	at org.eclipse.osgi.container.ModuleContainer$ContainerStartLevel.incStartLevel(ModuleContainer.java:1781)
	at org.eclipse.osgi.container.ModuleContainer$ContainerStartLevel.doContainerStartLevel(ModuleContainer.java:1745)
	at org.eclipse.osgi.container.ModuleContainer$ContainerStartLevel.dispatchEvent(ModuleContainer.java:1667)
	at org.eclipse.osgi.container.ModuleContainer$ContainerStartLevel.dispatchEvent(ModuleContainer.java:1)
	at org.eclipse.osgi.framework.eventmgr.EventManager.dispatchEvent(EventManager.java:234)
	at org.eclipse.osgi.framework.eventmgr.EventManager$EventThread.run(EventManager.java:345)

!ENTRY org.eclipse.m2e.jdt 4 0 2022-07-09 18:42:05.832
!MESSAGE FrameworkEvent ERROR
!STACK 0
org.osgi.framework.BundleException: Could not resolve module: org.eclipse.m2e.jdt [54]
  Unresolved requirement: Require-Capability: osgi.ee; filter:="(&(osgi.ee=JavaSE)(version=17))"
  Unresolved requirement: Require-Bundle: org.eclipse.m2e.core; bundle-version="2.0.0"
    -> Bundle-SymbolicName: org.eclipse.m2e.core; bundle-version="2.0.0.20220608-1816"; singleton:="true"
       org.eclipse.m2e.core [53]
         Unresolved requirement: Require-Capability: osgi.ee; filter:="(&(osgi.ee=JavaSE)(version=17))"

	at org.eclipse.osgi.container.Module.start(Module.java:463)
	at org.eclipse.osgi.container.ModuleContainer$ContainerStartLevel$2.run(ModuleContainer.java:1847)
	at org.eclipse.osgi.internal.framework.EquinoxContainerAdaptor$1$1.execute(EquinoxContainerAdaptor.java:136)
	at org.eclipse.osgi.container.ModuleContainer$ContainerStartLevel.incStartLevel(ModuleContainer.java:1840)
	at org.eclipse.osgi.container.ModuleContainer$ContainerStartLevel.incStartLevel(ModuleContainer.java:1781)
	at org.eclipse.osgi.container.ModuleContainer$ContainerStartLevel.doContainerStartLevel(ModuleContainer.java:1745)
	at org.eclipse.osgi.container.ModuleContainer$ContainerStartLevel.dispatchEvent(ModuleContainer.java:1667)
	at org.eclipse.osgi.container.ModuleContainer$ContainerStartLevel.dispatchEvent(ModuleContainer.java:1)
	at org.eclipse.osgi.framework.eventmgr.EventManager.dispatchEvent(EventManager.java:234)
	at org.eclipse.osgi.framework.eventmgr.EventManager$EventThread.run(EventManager.java:345)

!ENTRY org.eclipse.jdt.ls.core 4 0 2022-07-09 18:42:05.832
!MESSAGE FrameworkEvent ERROR
!STACK 0
org.osgi.framework.BundleException: Could not resolve module: org.eclipse.jdt.ls.core [48]
  Unresolved requirement: Require-Capability: osgi.ee; filter:="(&(osgi.ee=JavaSE)(version=17))"
  Unresolved requirement: Require-Bundle: org.eclipse.m2e.core; resolution:="optional"
    -> Bundle-SymbolicName: org.eclipse.m2e.core; bundle-version="2.0.0.20220608-1816"; singleton:="true"
       org.eclipse.m2e.core [53]
         Unresolved requirement: Require-Capability: osgi.ee; filter:="(&(osgi.ee=JavaSE)(version=17))"
  Unresolved requirement: Require-Bundle: org.eclipse.m2e.apt.core; bundle-version="1.3.0"; resolution:="optional"
    -> Bundle-SymbolicName: org.eclipse.m2e.apt.core; bundle-version="2.0.0.20220518-0743"; singleton:="true"
       org.eclipse.m2e.apt.core [52]
         Unresolved requirement: Require-Bundle: org.eclipse.m2e.core; bundle-version="1.5.0"
           -> Bundle-SymbolicName: org.eclipse.m2e.core; bundle-version="2.0.0.20220608-1816"; singleton:="true"
  Unresolved requirement: Require-Bundle: org.eclipse.m2e.jdt; resolution:="optional"
    -> Bundle-SymbolicName: org.eclipse.m2e.jdt; bundle-version="2.0.0.20220605-2010"; singleton:="true"
       org.eclipse.m2e.jdt [54]
         Unresolved requirement: Require-Bundle: org.eclipse.m2e.core; bundle-version="2.0.0"
           -> Bundle-SymbolicName: org.eclipse.m2e.core; bundle-version="2.0.0.20220608-1816"; singleton:="true"

	at org.eclipse.osgi.container.Module.start(Module.java:463)
	at org.eclipse.osgi.container.ModuleContainer$ContainerStartLevel$2.run(ModuleContainer.java:1847)
	at org.eclipse.osgi.internal.framework.EquinoxContainerAdaptor$1$1.execute(EquinoxContainerAdaptor.java:136)
	at org.eclipse.osgi.container.ModuleContainer$ContainerStartLevel.incStartLevel(ModuleContainer.java:1840)
	at org.eclipse.osgi.container.ModuleContainer$ContainerStartLevel.incStartLevel(ModuleContainer.java:1783)
	at org.eclipse.osgi.container.ModuleContainer$ContainerStartLevel.doContainerStartLevel(ModuleContainer.java:1745)
	at org.eclipse.osgi.container.ModuleContainer$ContainerStartLevel.dispatchEvent(ModuleContainer.java:1667)
	at org.eclipse.osgi.container.ModuleContainer$ContainerStartLevel.dispatchEvent(ModuleContainer.java:1)
	at org.eclipse.osgi.framework.eventmgr.EventManager.dispatchEvent(EventManager.java:234)
	at org.eclipse.osgi.framework.eventmgr.EventManager$EventThread.run(EventManager.java:345)

!ENTRY org.eclipse.osgi 4 0 2022-07-09 18:42:05.832
!MESSAGE Bundle initial@reference:file:plugins/org.eclipse.jdt.ls.core_1.13.0.202206121738.jar was not resolved.

!ENTRY org.eclipse.jdt.ls.core 2 0 2022-07-09 18:42:05.839
!MESSAGE Could not resolve module: org.eclipse.jdt.ls.core [48]
  Unresolved requirement: Require-Capability: osgi.ee; filter:="(&(osgi.ee=JavaSE)(version=17))"
  Unresolved requirement: Require-Bundle: org.eclipse.m2e.core; resolution:="optional"
    -> Bundle-SymbolicName: org.eclipse.m2e.core; bundle-version="2.0.0.20220608-1816"; singleton:="true"
       org.eclipse.m2e.core [53]
         Unresolved requirement: Require-Capability: osgi.ee; filter:="(&(osgi.ee=JavaSE)(version=17))"
  Unresolved requirement: Require-Bundle: org.eclipse.m2e.apt.core; bundle-version="1.3.0"; resolution:="optional"
    -> Bundle-SymbolicName: org.eclipse.m2e.apt.core; bundle-version="2.0.0.20220518-0743"; singleton:="true"
       org.eclipse.m2e.apt.core [52]
         Unresolved requirement: Require-Bundle: org.eclipse.m2e.core; bundle-version="1.5.0"
           -> Bundle-SymbolicName: org.eclipse.m2e.core; bundle-version="2.0.0.20220608-1816"; singleton:="true"
  Unresolved requirement: Require-Bundle: org.eclipse.m2e.jdt; resolution:="optional"
    -> Bundle-SymbolicName: org.eclipse.m2e.jdt; bundle-version="2.0.0.20220605-2010"; singleton:="true"
       org.eclipse.m2e.jdt [54]
         Unresolved requirement: Require-Bundle: org.eclipse.m2e.core; bundle-version="2.0.0"
           -> Bundle-SymbolicName: org.eclipse.m2e.core; bundle-version="2.0.0.20220608-1816"; singleton:="true"


!ENTRY org.eclipse.m2e.lifecyclemapping.defaults 2 0 2022-07-09 18:42:05.839
!MESSAGE Could not resolve module: org.eclipse.m2e.lifecyclemapping.defaults [55]
  Unresolved requirement: Require-Bundle: org.eclipse.m2e.core; bundle-version="1.16.0"
    -> Bundle-SymbolicName: org.eclipse.m2e.core; bundle-version="2.0.0.20220608-1816"; singleton:="true"
       org.eclipse.m2e.core [53]
         Unresolved requirement: Require-Capability: osgi.ee; filter:="(&(osgi.ee=JavaSE)(version=17))"


!ENTRY org.eclipse.m2e.apt.core 2 0 2022-07-09 18:42:05.839
!MESSAGE Could not resolve module: org.eclipse.m2e.apt.core [52]
  Unresolved requirement: Require-Bundle: org.eclipse.m2e.core; bundle-version="1.5.0"
    -> Bundle-SymbolicName: org.eclipse.m2e.core; bundle-version="2.0.0.20220608-1816"; singleton:="true"
       org.eclipse.m2e.core [53]
         Unresolved requirement: Require-Capability: osgi.ee; filter:="(&(osgi.ee=JavaSE)(version=17))"


!ENTRY org.eclipse.m2e.core 2 0 2022-07-09 18:42:05.839
!MESSAGE Could not resolve module: org.eclipse.m2e.core [53]
  Unresolved requirement: Require-Capability: osgi.ee; filter:="(&(osgi.ee=JavaSE)(version=17))"


!ENTRY org.eclipse.m2e.jdt 2 0 2022-07-09 18:42:05.839
!MESSAGE Could not resolve module: org.eclipse.m2e.jdt [54]
  Unresolved requirement: Require-Bundle: org.eclipse.m2e.core; bundle-version="2.0.0"
    -> Bundle-SymbolicName: org.eclipse.m2e.core; bundle-version="2.0.0.20220608-1816"; singleton:="true"
       org.eclipse.m2e.core [53]
         Unresolved requirement: Require-Capability: osgi.ee; filter:="(&(osgi.ee=JavaSE)(version=17))"


!ENTRY org.eclipse.osgi 4 0 2022-07-09 18:42:05.839
!MESSAGE Application error
!STACK 1
java.lang.RuntimeException: Application "org.eclipse.jdt.ls.core.id1" could not be found in the registry. The applications available are: org.eclipse.ant.core.antRunner, org.eclipse.equinox.app.error, org.eclipse.jdt.apt.core.aptBuild, org.eclipse.jdt.core.JavaIndexer.
	at org.eclipse.equinox.internal.app.EclipseAppContainer.startDefaultApp(EclipseAppContainer.java:252)
	at org.eclipse.equinox.internal.app.MainApplicationLauncher.run(MainApplicationLauncher.java:33)
	at org.eclipse.core.runtime.internal.adaptor.EclipseAppLauncher.runApplication(EclipseAppLauncher.java:136)
	at org.eclipse.core.runtime.internal.adaptor.EclipseAppLauncher.start(EclipseAppLauncher.java:104)
	at org.eclipse.core.runtime.adaptor.EclipseStarter.run(EclipseStarter.java:401)
	at org.eclipse.core.runtime.adaptor.EclipseStarter.run(EclipseStarter.java:255)
	at java.base/jdk.internal.reflect.NativeMethodAccessorImpl.invoke0(Native Method)
	at java.base/jdk.internal.reflect.NativeMethodAccessorImpl.invoke(NativeMethodAccessorImpl.java:62)
	at java.base/jdk.internal.reflect.DelegatingMethodAccessorImpl.invoke(DelegatingMethodAccessorImpl.java:43)
	at java.base/java.lang.reflect.Method.invoke(Method.java:566)
	at org.eclipse.equinox.launcher.Main.invokeFramework(Main.java:659)
	at org.eclipse.equinox.launcher.Main.basicRun(Main.java:596)
	at org.eclipse.equinox.launcher.Main.run(Main.java:1467)
	at org.eclipse.equinox.launcher.Main.main(Main.java:1440)
